<?xml version="1.0" encoding="UTF-8"?>
<!-- Generated by org.testng.reporters.JUnitXMLReporter -->
<testsuite hostname="Somie" name="Default test" tests="6" failures="0" timestamp="27 Dec 2017 05:48:18 GMT" time="94.983" errors="0">
  <testcase name="loginPage_shouldLookGood_onDevice" time="13.819" classname="com.galenframework.java.sample.tests.WelcomePageTest"/>
  <testcase name="loginPage_shouldLookGood_onDevice" time="7.544" classname="com.galenframework.java.sample.tests.WelcomePageTest"/>
  <testcase name="loginPage_shouldLookGood_onDevice" time="8.328" classname="com.galenframework.java.sample.tests.WelcomePageTest"/>
  <testcase name="welcomePage_shouldLookGood_onDevice" time="9.012" classname="com.galenframework.java.sample.tests.WelcomePageTest"/>
  <testcase name="welcomePage_shouldLookGood_onDevice" time="5.289" classname="com.galenframework.java.sample.tests.WelcomePageTest"/>
  <testcase name="welcomePage_shouldLookGood_onDevice" time="5.49" classname="com.galenframework.java.sample.tests.WelcomePageTest"/>
</testsuite> <!-- Default test -->
