<?xml version="1.0" encoding="UTF-8"?>
<!-- Generated by org.testng.reporters.JUnitXMLReporter -->
<testsuite hostname="Somie" name="Default test" tests="3" failures="0" timestamp="27 Dec 2017 17:25:55 GMT" time="68.024" errors="0">
  <testcase name="welcomePage_shouldLookGood_onDevice" time="6.784" classname="com.galenframework.java.sample.tests.WelcomePageTest"/>
  <testcase name="welcomePage_shouldLookGood_onDevice" time="5.258" classname="com.galenframework.java.sample.tests.WelcomePageTest"/>
  <testcase name="welcomePage_shouldLookGood_onDevice" time="24.803" classname="com.galenframework.java.sample.tests.WelcomePageTest"/>
</testsuite> <!-- Default test -->
