<?xml version="1.0" encoding="UTF-8"?>
<testng-results skipped="0" failed="0" total="3" passed="3">
  <reporter-output>
  </reporter-output>
  <suite name="Default suite" duration-ms="68024" started-at="2017-12-27T17:24:47Z" finished-at="2017-12-27T17:25:55Z">
    <groups>
    </groups>
    <test name="Default test" duration-ms="68024" started-at="2017-12-27T17:24:47Z" finished-at="2017-12-27T17:25:55Z">
      <class name="com.galenframework.java.sample.tests.WelcomePageTest">
        <test-method status="PASS" signature="initDriver([Ljava.lang.Object;)[pri:0, instance:com.galenframework.java.sample.tests.WelcomePageTest@3532ec19]" name="initDriver" is-config="true" duration-ms="16588" started-at="2017-12-27T22:54:47Z" finished-at="2017-12-27T22:55:04Z">
          <params>
            <param index="0">
              <value>
                <![CDATA[[Ljava.lang.Object;@615091b8]]>
              </value>
            </param>
          </params>
          <reporter-output>
          </reporter-output>
        </test-method> <!-- initDriver -->
        <test-method status="PASS" signature="initReport(java.lang.reflect.Method, [Ljava.lang.Object;)[pri:0, instance:com.galenframework.java.sample.tests.WelcomePageTest@3532ec19]" name="initReport" is-config="true" duration-ms="26" started-at="2017-12-27T22:55:04Z" finished-at="2017-12-27T22:55:04Z">
          <params>
            <param index="0">
              <value>
                <![CDATA[public void com.galenframework.java.sample.tests.WelcomePageTest.welcomePage_shouldLookGood_onDevice(com.galenframework.java.sample.components.GalenTestBase$TestDevice) throws java.io.IOException]]>
              </value>
            </param>
            <param index="1">
              <value>
                <![CDATA[[Ljava.lang.Object;@615091b8]]>
              </value>
            </param>
          </params>
          <reporter-output>
          </reporter-output>
        </test-method> <!-- initReport -->
        <test-method status="PASS" signature="welcomePage_shouldLookGood_onDevice(com.galenframework.java.sample.components.GalenTestBase$TestDevice)[pri:0, instance:com.galenframework.java.sample.tests.WelcomePageTest@3532ec19]" name="welcomePage_shouldLookGood_onDevice" duration-ms="6784" started-at="2017-12-27T22:55:04Z" data-provider="devices" finished-at="2017-12-27T22:55:10Z">
          <params>
            <param index="0">
              <value>
                <![CDATA[mobile 450x800]]>
              </value>
            </param>
          </params>
          <reporter-output>
          </reporter-output>
        </test-method> <!-- welcomePage_shouldLookGood_onDevice -->
        <test-method status="PASS" signature="provideTestEndDate()[pri:0, instance:com.galenframework.java.sample.tests.WelcomePageTest@3532ec19]" name="provideTestEndDate" is-config="true" duration-ms="1" started-at="2017-12-27T22:55:10Z" finished-at="2017-12-27T22:55:10Z">
          <reporter-output>
          </reporter-output>
        </test-method> <!-- provideTestEndDate -->
        <test-method status="PASS" signature="quitDriver()[pri:0, instance:com.galenframework.java.sample.tests.WelcomePageTest@3532ec19]" name="quitDriver" is-config="true" duration-ms="2835" started-at="2017-12-27T22:55:10Z" finished-at="2017-12-27T22:55:13Z">
          <reporter-output>
          </reporter-output>
        </test-method> <!-- quitDriver -->
        <test-method status="PASS" signature="initDriver([Ljava.lang.Object;)[pri:0, instance:com.galenframework.java.sample.tests.WelcomePageTest@3532ec19]" name="initDriver" is-config="true" duration-ms="5035" started-at="2017-12-27T22:55:13Z" finished-at="2017-12-27T22:55:18Z">
          <params>
            <param index="0">
              <value>
                <![CDATA[[Ljava.lang.Object;@43b6123e]]>
              </value>
            </param>
          </params>
          <reporter-output>
          </reporter-output>
        </test-method> <!-- initDriver -->
        <test-method status="PASS" signature="initReport(java.lang.reflect.Method, [Ljava.lang.Object;)[pri:0, instance:com.galenframework.java.sample.tests.WelcomePageTest@3532ec19]" name="initReport" is-config="true" duration-ms="1" started-at="2017-12-27T22:55:18Z" finished-at="2017-12-27T22:55:18Z">
          <params>
            <param index="0">
              <value>
                <![CDATA[public void com.galenframework.java.sample.tests.WelcomePageTest.welcomePage_shouldLookGood_onDevice(com.galenframework.java.sample.components.GalenTestBase$TestDevice) throws java.io.IOException]]>
              </value>
            </param>
            <param index="1">
              <value>
                <![CDATA[[Ljava.lang.Object;@43b6123e]]>
              </value>
            </param>
          </params>
          <reporter-output>
          </reporter-output>
        </test-method> <!-- initReport -->
        <test-method status="PASS" signature="welcomePage_shouldLookGood_onDevice(com.galenframework.java.sample.components.GalenTestBase$TestDevice)[pri:0, instance:com.galenframework.java.sample.tests.WelcomePageTest@3532ec19]" name="welcomePage_shouldLookGood_onDevice" duration-ms="5258" started-at="2017-12-27T22:55:18Z" data-provider="devices" finished-at="2017-12-27T22:55:24Z">
          <params>
            <param index="0">
              <value>
                <![CDATA[tablet 750x800]]>
              </value>
            </param>
          </params>
          <reporter-output>
          </reporter-output>
        </test-method> <!-- welcomePage_shouldLookGood_onDevice -->
        <test-method status="PASS" signature="provideTestEndDate()[pri:0, instance:com.galenframework.java.sample.tests.WelcomePageTest@3532ec19]" name="provideTestEndDate" is-config="true" duration-ms="1" started-at="2017-12-27T22:55:24Z" finished-at="2017-12-27T22:55:24Z">
          <reporter-output>
          </reporter-output>
        </test-method> <!-- provideTestEndDate -->
        <test-method status="PASS" signature="quitDriver()[pri:0, instance:com.galenframework.java.sample.tests.WelcomePageTest@3532ec19]" name="quitDriver" is-config="true" duration-ms="1058" started-at="2017-12-27T22:55:24Z" finished-at="2017-12-27T22:55:25Z">
          <reporter-output>
          </reporter-output>
        </test-method> <!-- quitDriver -->
        <test-method status="PASS" signature="initDriver([Ljava.lang.Object;)[pri:0, instance:com.galenframework.java.sample.tests.WelcomePageTest@3532ec19]" name="initDriver" is-config="true" duration-ms="4616" started-at="2017-12-27T22:55:25Z" finished-at="2017-12-27T22:55:29Z">
          <params>
            <param index="0">
              <value>
                <![CDATA[[Ljava.lang.Object;@260e86a1]]>
              </value>
            </param>
          </params>
          <reporter-output>
          </reporter-output>
        </test-method> <!-- initDriver -->
        <test-method status="PASS" signature="initReport(java.lang.reflect.Method, [Ljava.lang.Object;)[pri:0, instance:com.galenframework.java.sample.tests.WelcomePageTest@3532ec19]" name="initReport" is-config="true" duration-ms="0" started-at="2017-12-27T22:55:29Z" finished-at="2017-12-27T22:55:29Z">
          <params>
            <param index="0">
              <value>
                <![CDATA[public void com.galenframework.java.sample.tests.WelcomePageTest.welcomePage_shouldLookGood_onDevice(com.galenframework.java.sample.components.GalenTestBase$TestDevice) throws java.io.IOException]]>
              </value>
            </param>
            <param index="1">
              <value>
                <![CDATA[[Ljava.lang.Object;@260e86a1]]>
              </value>
            </param>
          </params>
          <reporter-output>
          </reporter-output>
        </test-method> <!-- initReport -->
        <test-method status="PASS" signature="welcomePage_shouldLookGood_onDevice(com.galenframework.java.sample.components.GalenTestBase$TestDevice)[pri:0, instance:com.galenframework.java.sample.tests.WelcomePageTest@3532ec19]" name="welcomePage_shouldLookGood_onDevice" duration-ms="24803" started-at="2017-12-27T22:55:29Z" data-provider="devices" finished-at="2017-12-27T22:55:54Z">
          <params>
            <param index="0">
              <value>
                <![CDATA[desktop 1024x800]]>
              </value>
            </param>
          </params>
          <reporter-output>
          </reporter-output>
        </test-method> <!-- welcomePage_shouldLookGood_onDevice -->
        <test-method status="PASS" signature="provideTestEndDate()[pri:0, instance:com.galenframework.java.sample.tests.WelcomePageTest@3532ec19]" name="provideTestEndDate" is-config="true" duration-ms="1" started-at="2017-12-27T22:55:54Z" finished-at="2017-12-27T22:55:54Z">
          <reporter-output>
          </reporter-output>
        </test-method> <!-- provideTestEndDate -->
        <test-method status="PASS" signature="quitDriver()[pri:0, instance:com.galenframework.java.sample.tests.WelcomePageTest@3532ec19]" name="quitDriver" is-config="true" duration-ms="974" started-at="2017-12-27T22:55:54Z" finished-at="2017-12-27T22:55:55Z">
          <reporter-output>
          </reporter-output>
        </test-method> <!-- quitDriver -->
      </class> <!-- com.galenframework.java.sample.tests.WelcomePageTest -->
    </test> <!-- Default test -->
  </suite> <!-- Default suite -->
</testng-results>
